c:\users\fache rémi\desktop\poo 8pro114\projet_1\as\centredetri\debug\uqac.obj
c:\users\fache rémi\desktop\poo 8pro114\projet_1\as\centredetri\debug\vc141.pdb
c:\users\pjbenard\desktop\uqac\8pro114\lab2\centredetri\centredetri\centredetri\debug\vc141.pdb
c:\users\pjbenard\desktop\uqac\8pro114\lab2\centredetri\centredetri\centredetri\debug\vc141.idb
c:\users\pjbenard\desktop\uqac\8pro114\lab2\centredetri\centredetri\centredetri\debug\main.obj
c:\users\pjbenard\desktop\uqac\8pro114\lab2\centredetri\centredetri\centredetri\debug\usinetraitement.obj
c:\users\pjbenard\desktop\uqac\8pro114\lab2\centredetri\centredetri\centredetri\debug\sequenceoperations.obj
c:\users\pjbenard\desktop\uqac\8pro114\lab2\centredetri\centredetri\centredetri\debug\operationtraitement.obj
c:\users\pjbenard\desktop\uqac\8pro114\lab2\centredetri\centredetri\centredetri\debug\dechet.obj
c:\users\pjbenard\desktop\uqac\8pro114\lab2\centredetri\centredetri\centredetri\debug\compteur.obj
c:\users\pjbenard\desktop\uqac\8pro114\lab2\centredetri\centredetri\centredetri\debug\chargementdechet.obj
c:\users\pjbenard\desktop\uqac\8pro114\lab2\centredetri\centredetri\centredetri\debug\camion.obj
c:\users\fache rémi\desktop\poo 8pro114\projet_1\as\centredetri\debug\centredetri.exe
c:\users\fache rémi\desktop\poo 8pro114\projet_1\as\centredetri\debug\centredetri.ilk
c:\users\fache rémi\desktop\poo 8pro114\projet_1\as\centredetri\debug\centredetri.pdb
c:\users\pjbenard\desktop\uqac\8pro114\lab2\centredetri\centredetri\centredetri\debug\dechettraite.obj
c:\users\pjbenard\desktop\uqac\8pro114\lab2\centredetri\centredetri\centredetri\debug\uqac.obj
c:\users\pjbenard\desktop\uqac\8pro114\lab2\centredetri\centredetri\centredetri\debug\centredetri.ilk
c:\users\pjbenard\desktop\uqac\8pro114\lab2\centredetri\centredetri\centredetri\debug\centredetri.pdb
c:\users\pjbenard\desktop\uqac\8pro114\lab2\centredetri\centredetri\debug\centredetri.pdb
c:\users\pjbenard\desktop\uqac\8pro114\lab2\centredetri\centredetri\centredetri\debug\centredetri.tlog\cl.command.1.tlog
c:\users\pjbenard\desktop\uqac\8pro114\lab2\centredetri\centredetri\centredetri\debug\centredetri.tlog\cl.read.1.tlog
c:\users\pjbenard\desktop\uqac\8pro114\lab2\centredetri\centredetri\centredetri\debug\centredetri.tlog\cl.write.1.tlog
c:\users\pjbenard\desktop\uqac\8pro114\lab2\centredetri\centredetri\centredetri\debug\centredetri.tlog\link.command.1.tlog
c:\users\pjbenard\desktop\uqac\8pro114\lab2\centredetri\centredetri\centredetri\debug\centredetri.tlog\link.read.1.tlog
c:\users\pjbenard\desktop\uqac\8pro114\lab2\centredetri\centredetri\centredetri\debug\centredetri.tlog\link.write.1.tlog
